<?xml version="1.0" encoding="UTF-8"?>
<!-- Generated by org.testng.reporters.JUnitReportReporter -->
<testsuite skipped="0" hostname="vishal" name="maven_project.maven_java.AppTest" tests="1" failures="0" timestamp="2020-06-30T18:10:57 IST" time="0.003" errors="0">
  <testcase name="shouldAnswerWithTrue" time="0.003" classname="maven_project.maven_java.AppTest"/>
  <system-out/>
</testsuite> <!-- maven_project.maven_java.AppTest -->
