<?xml version="1.0" encoding="UTF-8"?>
<!-- Generated by org.testng.reporters.JUnitReportReporter -->
<testsuite skipped="0" hostname="vishal" name="maven_project.maven_java.restassuredTest" tests="2" failures="0" timestamp="2020-06-30T18:10:57 IST" time="0.000" errors="0">
  <testcase name="restassuredTest1" time="0.000" classname="maven_project.maven_java.restassuredTest"/>
  <system-out/>
  <testcase name="restassuredTest2" time="0.000" classname="maven_project.maven_java.restassuredTest"/>
  <system-out/>
</testsuite> <!-- maven_project.maven_java.restassuredTest -->
