<?xml version="1.0" encoding="UTF-8"?>
<!-- Generated by org.testng.reporters.JUnitReportReporter -->
<testsuite skipped="0" hostname="vishal" name="maven_project.maven_java.appiumTest" tests="2" failures="0" timestamp="2020-06-30T18:10:57 IST" time="0.001" errors="0">
  <testcase name="appiumTest2" time="0.001" classname="maven_project.maven_java.appiumTest"/>
  <system-out/>
  <testcase name="appiumTest1" time="0.000" classname="maven_project.maven_java.appiumTest"/>
  <system-out/>
</testsuite> <!-- maven_project.maven_java.appiumTest -->
