<?xml version="1.0" encoding="UTF-8"?>
<!-- Generated by org.testng.reporters.JUnitReportReporter -->
<testsuite skipped="0" hostname="vishal" name="automation.extentreports.extentReportsTest" tests="1" failures="0" timestamp="2020-06-25T17:00:14 IST" time="4.841" errors="0">
  <testcase name="display" time="4.841" classname="automation.extentreports.extentReportsTest"/>
  <system-out/>
</testsuite> <!-- automation.extentreports.extentReportsTest -->
